<?xml version="1.0" encoding="UTF-8"?>
<!-- Generated by org.testng.reporters.JUnitReportReporter -->
<testsuite skipped="1" hostname="HP1" name="com.rueggerllc.cuke.CommonRunner" tests="1" failures="0" timestamp="07 Oct 2018 00:31:42 GMT" time="0.052" errors="0">
  <testcase name="runScenario" time="0.052" classname="com.rueggerllc.cuke.CommonRunner">
    <skipped/>
  </testcase> <!-- runScenario -->
</testsuite> <!-- com.rueggerllc.cuke.CommonRunner -->
